TN:
SF:D:\Adobe\AEM\projects\spa\aem-guides-sample-events\angular-app\src\polyfills.ts
FNF:0
FNH:0
DA:61,1
DA:88,1
LF:2
LH:2
BRF:0
BRH:0
end_of_record
TN:
SF:D:\Adobe\AEM\projects\spa\aem-guides-sample-events\angular-app\src\test.ts
FNF:0
FNH:0
DA:18,1
DA:19,1
DA:20,1
DA:28,1
DA:33,1
DA:35,1
LF:6
LH:6
BRF:0
BRH:0
end_of_record
TN:
SF:D:\Adobe\AEM\projects\spa\aem-guides-sample-events\angular-app\src\app\app-routing.module.ts
FN:21,AemPageMatcher
FN:53,(anonymous_2)
FNF:2
FNH:2
FNDA:2,AemPageMatcher
FNDA:3,(anonymous_2)
DA:16,1
DA:17,1
DA:18,1
DA:19,1
DA:21,1
DA:22,2
DA:23,1
DA:34,1
DA:53,1
LF:9
LH:9
BRDA:22,0,0,1
BRDA:22,0,1,1
BRF:2
BRH:2
end_of_record
TN:
SF:D:\Adobe\AEM\projects\spa\aem-guides-sample-events\angular-app\src\app\app.component.ts
FN:36,(anonymous_4)
FN:40,AppComponent
FN:59,(anonymous_6)
FN:66,(anonymous_7)
FN:77,(anonymous_8)
FNF:5
FNH:1
FNDA:1,(anonymous_4)
FNDA:0,AppComponent
FNDA:0,(anonymous_6)
FNDA:0,(anonymous_7)
FNDA:0,(anonymous_8)
DA:17,1
DA:18,1
DA:19,1
DA:20,1
DA:21,1
DA:22,1
DA:23,1
DA:24,1
DA:36,1
DA:40,0
DA:41,0
DA:42,0
DA:43,0
DA:45,0
DA:46,0
DA:47,0
DA:50,0
DA:52,0
DA:54,0
DA:59,0
DA:60,0
DA:61,0
DA:66,1
DA:67,0
DA:68,0
DA:69,0
DA:77,1
DA:78,0
DA:79,0
DA:82,0
DA:83,0
DA:85,1
LF:32
LH:12
BRDA:47,0,0,0
BRDA:47,0,1,0
BRDA:78,1,0,0
BRDA:78,1,1,0
BRDA:83,2,0,0
BRDA:83,2,1,0
BRF:6
BRH:0
end_of_record
TN:
SF:D:\Adobe\AEM\projects\spa\aem-guides-sample-events\angular-app\src\app\app.module.ts
FN:40,(anonymous_1)
FNF:1
FNH:1
FNDA:1,(anonymous_1)
DA:16,1
DA:17,1
DA:18,1
DA:19,1
DA:20,1
DA:21,1
DA:22,1
DA:23,1
DA:24,1
DA:25,1
DA:40,1
LF:11
LH:11
BRF:0
BRH:0
end_of_record
TN:
SF:D:\Adobe\AEM\projects\spa\aem-guides-sample-events\angular-app\src\app\components\mapping.ts
FN:29,(anonymous_0)
FNF:1
FNH:0
FNDA:0,(anonymous_0)
DA:17,1
DA:18,1
DA:25,1
DA:30,0
DA:33,1
DA:34,1
DA:35,1
LF:7
LH:6
BRDA:30,0,0,0
BRDA:30,0,1,0
BRDA:30,0,2,0
BRF:3
BRH:0
end_of_record
TN:
SF:D:\Adobe\AEM\projects\spa\aem-guides-sample-events\angular-app\src\app\components\model-manager.service.ts
FN:28,(anonymous_2)
FN:29,ModelManagerService
FN:32,(anonymous_4)
FNF:3
FNH:3
FNDA:1,(anonymous_2)
FNDA:2,ModelManagerService
FNDA:1,(anonymous_4)
DA:17,1
DA:18,1
DA:28,1
DA:32,1
DA:33,1
DA:35,1
LF:6
LH:6
BRF:0
BRH:0
end_of_record
TN:
SF:D:\Adobe\AEM\projects\spa\aem-guides-sample-events\angular-app\src\app\components\main-content\main-content.component.ts
FN:29,(anonymous_2)
FN:34,MainContentComponent
FN:36,(anonymous_4)
FNF:3
FNH:3
FNDA:1,(anonymous_2)
FNDA:1,MainContentComponent
FNDA:1,(anonymous_4)
DA:17,1
DA:18,1
DA:19,1
DA:20,1
DA:29,1
DA:34,1
DA:35,1
DA:36,1
DA:37,1
DA:38,1
DA:39,1
DA:42,1
LF:12
LH:12
BRF:0
BRH:0
end_of_record
TN:
SF:D:\Adobe\AEM\projects\spa\aem-guides-sample-events\angular-app\src\app\components\text\text.component.ts
FN:30,(anonymous_2)
FN:35,TextComponent
FN:37,(anonymous_4)
FNF:3
FNH:3
FNDA:1,(anonymous_2)
FNDA:1,TextComponent
FNDA:2,(anonymous_4)
DA:17,1
DA:18,1
DA:30,1
DA:31,1
DA:32,1
DA:33,1
DA:35,1
DA:37,1
DA:38,2
DA:40,1
LF:10
LH:10
BRDA:38,0,0,0
BRDA:38,0,1,2
BRF:2
BRH:1
end_of_record
TN:
SF:D:\Adobe\AEM\projects\spa\aem-guides-sample-events\angular-app\src\environments\environment.ts
FNF:0
FNH:0
DA:20,1
LF:1
LH:1
BRF:0
BRH:0
end_of_record
